0 info it worked if it ends with ok
1 verbose cli [ '/home/ubuntu/.nvm/versions/node/v4.4.3/bin/node',
1 verbose cli   '/home/ubuntu/.nvm/versions/node/v4.4.3/bin/npm',
1 verbose cli   'install',
1 verbose cli   '--save',
1 verbose cli   'react-addons-css-transition-group@15.x',
1 verbose cli   'react-addons-linked-state-mixin@15.x',
1 verbose cli   'react-addons-create-fragment@15.x',
1 verbose cli   'react-addons-update@15.x',
1 verbose cli   'react-addons-perf@15.x' ]
2 info using npm@2.15.1
3 info using node@v4.4.3
4 verbose install initial load of /home/ubuntu/workspace/package.json
5 verbose installManyTop reading scoped package data from /home/ubuntu/workspace/node_modules/babel/package.json
6 verbose installManyTop reading scoped package data from /home/ubuntu/workspace/node_modules/babel-preset-airbnb/package.json
7 verbose installManyTop reading scoped package data from /home/ubuntu/workspace/node_modules/babel-register/package.json
8 verbose installManyTop reading scoped package data from /home/ubuntu/workspace/node_modules/chai/package.json
9 verbose installManyTop reading scoped package data from /home/ubuntu/workspace/node_modules/enzyme/package.json
10 verbose installManyTop reading scoped package data from /home/ubuntu/workspace/node_modules/jsdom/package.json
11 verbose installManyTop reading scoped package data from /home/ubuntu/workspace/node_modules/meteor-node-stubs/package.json
12 verbose installManyTop reading scoped package data from /home/ubuntu/workspace/node_modules/mocha/package.json
13 verbose installManyTop reading scoped package data from /home/ubuntu/workspace/node_modules/react/package.json
14 verbose installManyTop reading scoped package data from /home/ubuntu/workspace/node_modules/react-addons-pure-render-mixin/package.json
15 verbose installManyTop reading scoped package data from /home/ubuntu/workspace/node_modules/react-addons-test-utils/package.json
16 verbose installManyTop reading scoped package data from /home/ubuntu/workspace/node_modules/react-addons-transition-group/package.json
17 verbose installManyTop reading scoped package data from /home/ubuntu/workspace/node_modules/react-dom/package.json
18 verbose installManyTop reading scoped package data from /home/ubuntu/workspace/node_modules/react-router/package.json
19 info package.json react-router@2.4.1 No README data
20 info package.json mocha@2.5.3 No README data
21 verbose readDependencies loading dependencies from /home/ubuntu/workspace/package.json
22 silly cache add args [ 'react-addons-css-transition-group@15.x', null ]
23 verbose cache add spec react-addons-css-transition-group@15.x
24 silly cache add args [ 'react-addons-linked-state-mixin@15.x', null ]
25 verbose cache add spec react-addons-linked-state-mixin@15.x
26 silly cache add args [ 'react-addons-create-fragment@15.x', null ]
27 verbose cache add spec react-addons-create-fragment@15.x
28 silly cache add args [ 'react-addons-update@15.x', null ]
29 verbose cache add spec react-addons-update@15.x
30 silly cache add args [ 'react-addons-perf@15.x', null ]
31 verbose cache add spec react-addons-perf@15.x
32 silly cache add parsed spec Result {
32 silly cache add   raw: 'react-addons-css-transition-group@15.x',
32 silly cache add   scope: null,
32 silly cache add   name: 'react-addons-css-transition-group',
32 silly cache add   rawSpec: '15.x',
32 silly cache add   spec: '>=15.0.0 <16.0.0',
32 silly cache add   type: 'range' }
33 silly addNamed react-addons-css-transition-group@>=15.0.0 <16.0.0
34 verbose addNamed ">=15.0.0 <16.0.0" is a valid semver range for react-addons-css-transition-group
35 silly addNameRange { name: 'react-addons-css-transition-group',
35 silly addNameRange   range: '>=15.0.0 <16.0.0',
35 silly addNameRange   hasData: false }
36 silly mapToRegistry name react-addons-css-transition-group
37 silly mapToRegistry using default registry
38 silly mapToRegistry registry https://registry.npmjs.org/
39 silly mapToRegistry data Result {
39 silly mapToRegistry   raw: 'react-addons-css-transition-group',
39 silly mapToRegistry   scope: null,
39 silly mapToRegistry   name: 'react-addons-css-transition-group',
39 silly mapToRegistry   rawSpec: '',
39 silly mapToRegistry   spec: 'latest',
39 silly mapToRegistry   type: 'tag' }
40 silly mapToRegistry uri https://registry.npmjs.org/react-addons-css-transition-group
41 verbose addNameRange registry:https://registry.npmjs.org/react-addons-css-transition-group not in flight; fetching
42 silly cache add parsed spec Result {
42 silly cache add   raw: 'react-addons-linked-state-mixin@15.x',
42 silly cache add   scope: null,
42 silly cache add   name: 'react-addons-linked-state-mixin',
42 silly cache add   rawSpec: '15.x',
42 silly cache add   spec: '>=15.0.0 <16.0.0',
42 silly cache add   type: 'range' }
43 silly addNamed react-addons-linked-state-mixin@>=15.0.0 <16.0.0
44 verbose addNamed ">=15.0.0 <16.0.0" is a valid semver range for react-addons-linked-state-mixin
45 silly addNameRange { name: 'react-addons-linked-state-mixin',
45 silly addNameRange   range: '>=15.0.0 <16.0.0',
45 silly addNameRange   hasData: false }
46 silly mapToRegistry name react-addons-linked-state-mixin
47 silly mapToRegistry using default registry
48 silly mapToRegistry registry https://registry.npmjs.org/
49 silly mapToRegistry data Result {
49 silly mapToRegistry   raw: 'react-addons-linked-state-mixin',
49 silly mapToRegistry   scope: null,
49 silly mapToRegistry   name: 'react-addons-linked-state-mixin',
49 silly mapToRegistry   rawSpec: '',
49 silly mapToRegistry   spec: 'latest',
49 silly mapToRegistry   type: 'tag' }
50 silly mapToRegistry uri https://registry.npmjs.org/react-addons-linked-state-mixin
51 verbose addNameRange registry:https://registry.npmjs.org/react-addons-linked-state-mixin not in flight; fetching
52 silly cache add parsed spec Result {
52 silly cache add   raw: 'react-addons-create-fragment@15.x',
52 silly cache add   scope: null,
52 silly cache add   name: 'react-addons-create-fragment',
52 silly cache add   rawSpec: '15.x',
52 silly cache add   spec: '>=15.0.0 <16.0.0',
52 silly cache add   type: 'range' }
53 silly addNamed react-addons-create-fragment@>=15.0.0 <16.0.0
54 verbose addNamed ">=15.0.0 <16.0.0" is a valid semver range for react-addons-create-fragment
55 silly addNameRange { name: 'react-addons-create-fragment',
55 silly addNameRange   range: '>=15.0.0 <16.0.0',
55 silly addNameRange   hasData: false }
56 silly mapToRegistry name react-addons-create-fragment
57 silly mapToRegistry using default registry
58 silly mapToRegistry registry https://registry.npmjs.org/
59 silly mapToRegistry data Result {
59 silly mapToRegistry   raw: 'react-addons-create-fragment',
59 silly mapToRegistry   scope: null,
59 silly mapToRegistry   name: 'react-addons-create-fragment',
59 silly mapToRegistry   rawSpec: '',
59 silly mapToRegistry   spec: 'latest',
59 silly mapToRegistry   type: 'tag' }
60 silly mapToRegistry uri https://registry.npmjs.org/react-addons-create-fragment
61 verbose addNameRange registry:https://registry.npmjs.org/react-addons-create-fragment not in flight; fetching
62 silly cache add parsed spec Result {
62 silly cache add   raw: 'react-addons-update@15.x',
62 silly cache add   scope: null,
62 silly cache add   name: 'react-addons-update',
62 silly cache add   rawSpec: '15.x',
62 silly cache add   spec: '>=15.0.0 <16.0.0',
62 silly cache add   type: 'range' }
63 silly addNamed react-addons-update@>=15.0.0 <16.0.0
64 verbose addNamed ">=15.0.0 <16.0.0" is a valid semver range for react-addons-update
65 silly addNameRange { name: 'react-addons-update',
65 silly addNameRange   range: '>=15.0.0 <16.0.0',
65 silly addNameRange   hasData: false }
66 silly mapToRegistry name react-addons-update
67 silly mapToRegistry using default registry
68 silly mapToRegistry registry https://registry.npmjs.org/
69 silly mapToRegistry data Result {
69 silly mapToRegistry   raw: 'react-addons-update',
69 silly mapToRegistry   scope: null,
69 silly mapToRegistry   name: 'react-addons-update',
69 silly mapToRegistry   rawSpec: '',
69 silly mapToRegistry   spec: 'latest',
69 silly mapToRegistry   type: 'tag' }
70 silly mapToRegistry uri https://registry.npmjs.org/react-addons-update
71 verbose addNameRange registry:https://registry.npmjs.org/react-addons-update not in flight; fetching
72 silly cache add parsed spec Result {
72 silly cache add   raw: 'react-addons-perf@15.x',
72 silly cache add   scope: null,
72 silly cache add   name: 'react-addons-perf',
72 silly cache add   rawSpec: '15.x',
72 silly cache add   spec: '>=15.0.0 <16.0.0',
72 silly cache add   type: 'range' }
73 silly addNamed react-addons-perf@>=15.0.0 <16.0.0
74 verbose addNamed ">=15.0.0 <16.0.0" is a valid semver range for react-addons-perf
75 silly addNameRange { name: 'react-addons-perf',
75 silly addNameRange   range: '>=15.0.0 <16.0.0',
75 silly addNameRange   hasData: false }
76 silly mapToRegistry name react-addons-perf
77 silly mapToRegistry using default registry
78 silly mapToRegistry registry https://registry.npmjs.org/
79 silly mapToRegistry data Result {
79 silly mapToRegistry   raw: 'react-addons-perf',
79 silly mapToRegistry   scope: null,
79 silly mapToRegistry   name: 'react-addons-perf',
79 silly mapToRegistry   rawSpec: '',
79 silly mapToRegistry   spec: 'latest',
79 silly mapToRegistry   type: 'tag' }
80 silly mapToRegistry uri https://registry.npmjs.org/react-addons-perf
81 verbose addNameRange registry:https://registry.npmjs.org/react-addons-perf not in flight; fetching
82 verbose request uri https://registry.npmjs.org/react-addons-css-transition-group
83 verbose request no auth needed
84 info attempt registry request try #1 at 9:03:05 PM
85 verbose request id 8b9312cedf3122c8
86 http request GET https://registry.npmjs.org/react-addons-css-transition-group
87 verbose request uri https://registry.npmjs.org/react-addons-linked-state-mixin
88 verbose request no auth needed
89 info attempt registry request try #1 at 9:03:05 PM
90 http request GET https://registry.npmjs.org/react-addons-linked-state-mixin
91 verbose request uri https://registry.npmjs.org/react-addons-create-fragment
92 verbose request no auth needed
93 info attempt registry request try #1 at 9:03:05 PM
94 http request GET https://registry.npmjs.org/react-addons-create-fragment
95 verbose request uri https://registry.npmjs.org/react-addons-update
96 verbose request no auth needed
97 info attempt registry request try #1 at 9:03:05 PM
98 http request GET https://registry.npmjs.org/react-addons-update
99 verbose request uri https://registry.npmjs.org/react-addons-perf
100 verbose request no auth needed
101 info attempt registry request try #1 at 9:03:05 PM
102 http request GET https://registry.npmjs.org/react-addons-perf
103 http 200 https://registry.npmjs.org/react-addons-perf
104 verbose headers { server: 'CouchDB/1.5.0 (Erlang OTP/R16B03)',
104 verbose headers   etag: '"17PVZCYEUV6QZ2ARM5BD6PVZN"',
104 verbose headers   'content-type': 'application/json',
104 verbose headers   'content-encoding': 'gzip',
104 verbose headers   'cache-control': 'max-age=300',
104 verbose headers   'content-length': '3813',
104 verbose headers   'accept-ranges': 'bytes',
104 verbose headers   date: 'Mon, 06 Jun 2016 21:03:05 GMT',
104 verbose headers   via: '1.1 varnish',
104 verbose headers   age: '201',
104 verbose headers   connection: 'keep-alive',
104 verbose headers   'x-served-by': 'cache-atl6228-ATL',
104 verbose headers   'x-cache': 'HIT',
104 verbose headers   'x-cache-hits': '1',
104 verbose headers   'x-timer': 'S1465246985.418381,VS0,VE0',
104 verbose headers   vary: 'Accept-Encoding' }
105 silly get cb [ 200,
105 silly get   { server: 'CouchDB/1.5.0 (Erlang OTP/R16B03)',
105 silly get     etag: '"17PVZCYEUV6QZ2ARM5BD6PVZN"',
105 silly get     'content-type': 'application/json',
105 silly get     'content-encoding': 'gzip',
105 silly get     'cache-control': 'max-age=300',
105 silly get     'content-length': '3813',
105 silly get     'accept-ranges': 'bytes',
105 silly get     date: 'Mon, 06 Jun 2016 21:03:05 GMT',
105 silly get     via: '1.1 varnish',
105 silly get     age: '201',
105 silly get     connection: 'keep-alive',
105 silly get     'x-served-by': 'cache-atl6228-ATL',
105 silly get     'x-cache': 'HIT',
105 silly get     'x-cache-hits': '1',
105 silly get     'x-timer': 'S1465246985.418381,VS0,VE0',
105 silly get     vary: 'Accept-Encoding' } ]
106 verbose get saving react-addons-perf to /home/ubuntu/.npm/registry.npmjs.org/react-addons-perf/.cache.json
107 verbose correctMkdir /home/ubuntu/.npm correctMkdir not in flight; initializing
108 http 200 https://registry.npmjs.org/react-addons-create-fragment
109 verbose headers { server: 'CouchDB/1.5.0 (Erlang OTP/R16B03)',
109 verbose headers   etag: '"2L1Y9U9Y2ETMW9TVVZIPDBE4P"',
109 verbose headers   'content-type': 'application/json',
109 verbose headers   'content-encoding': 'gzip',
109 verbose headers   'cache-control': 'max-age=300',
109 verbose headers   'content-length': '4038',
109 verbose headers   'accept-ranges': 'bytes',
109 verbose headers   date: 'Mon, 06 Jun 2016 21:03:05 GMT',
109 verbose headers   via: '1.1 varnish',
109 verbose headers   age: '136',
109 verbose headers   connection: 'keep-alive',
109 verbose headers   'x-served-by': 'cache-atl6249-ATL',
109 verbose headers   'x-cache': 'HIT',
109 verbose headers   'x-cache-hits': '22',
109 verbose headers   'x-timer': 'S1465246985.417803,VS0,VE0',
109 verbose headers   vary: 'Accept-Encoding' }
110 silly get cb [ 200,
110 silly get   { server: 'CouchDB/1.5.0 (Erlang OTP/R16B03)',
110 silly get     etag: '"2L1Y9U9Y2ETMW9TVVZIPDBE4P"',
110 silly get     'content-type': 'application/json',
110 silly get     'content-encoding': 'gzip',
110 silly get     'cache-control': 'max-age=300',
110 silly get     'content-length': '4038',
110 silly get     'accept-ranges': 'bytes',
110 silly get     date: 'Mon, 06 Jun 2016 21:03:05 GMT',
110 silly get     via: '1.1 varnish',
110 silly get     age: '136',
110 silly get     connection: 'keep-alive',
110 silly get     'x-served-by': 'cache-atl6249-ATL',
110 silly get     'x-cache': 'HIT',
110 silly get     'x-cache-hits': '22',
110 silly get     'x-timer': 'S1465246985.417803,VS0,VE0',
110 silly get     vary: 'Accept-Encoding' } ]
111 verbose get saving react-addons-create-fragment to /home/ubuntu/.npm/registry.npmjs.org/react-addons-create-fragment/.cache.json
112 verbose correctMkdir /home/ubuntu/.npm correctMkdir already in flight; waiting
113 http 200 https://registry.npmjs.org/react-addons-css-transition-group
114 verbose headers { server: 'CouchDB/1.5.0 (Erlang OTP/R16B03)',
114 verbose headers   etag: '"1VXNCPLH14JYW8SJCXD97ITD6"',
114 verbose headers   'content-type': 'application/json',
114 verbose headers   'content-encoding': 'gzip',
114 verbose headers   'cache-control': 'max-age=300',
114 verbose headers   'content-length': '4093',
114 verbose headers   'accept-ranges': 'bytes',
114 verbose headers   date: 'Mon, 06 Jun 2016 21:03:05 GMT',
114 verbose headers   via: '1.1 varnish',
114 verbose headers   age: '100',
114 verbose headers   connection: 'keep-alive',
114 verbose headers   'x-served-by': 'cache-atl6248-ATL',
114 verbose headers   'x-cache': 'HIT',
114 verbose headers   'x-cache-hits': '2',
114 verbose headers   'x-timer': 'S1465246985.418241,VS0,VE0',
114 verbose headers   vary: 'Accept-Encoding' }
115 silly get cb [ 200,
115 silly get   { server: 'CouchDB/1.5.0 (Erlang OTP/R16B03)',
115 silly get     etag: '"1VXNCPLH14JYW8SJCXD97ITD6"',
115 silly get     'content-type': 'application/json',
115 silly get     'content-encoding': 'gzip',
115 silly get     'cache-control': 'max-age=300',
115 silly get     'content-length': '4093',
115 silly get     'accept-ranges': 'bytes',
115 silly get     date: 'Mon, 06 Jun 2016 21:03:05 GMT',
115 silly get     via: '1.1 varnish',
115 silly get     age: '100',
115 silly get     connection: 'keep-alive',
115 silly get     'x-served-by': 'cache-atl6248-ATL',
115 silly get     'x-cache': 'HIT',
115 silly get     'x-cache-hits': '2',
115 silly get     'x-timer': 'S1465246985.418241,VS0,VE0',
115 silly get     vary: 'Accept-Encoding' } ]
116 verbose get saving react-addons-css-transition-group to /home/ubuntu/.npm/registry.npmjs.org/react-addons-css-transition-group/.cache.json
117 verbose correctMkdir /home/ubuntu/.npm correctMkdir already in flight; waiting
118 http 200 https://registry.npmjs.org/react-addons-update
119 verbose headers { server: 'CouchDB/1.5.0 (Erlang OTP/R16B03)',
119 verbose headers   etag: '"75VSNXKOX0S1WJ6UT4D3FEJ1H"',
119 verbose headers   'content-type': 'application/json',
119 verbose headers   'content-encoding': 'gzip',
119 verbose headers   'cache-control': 'max-age=300',
119 verbose headers   'content-length': '3995',
119 verbose headers   'accept-ranges': 'bytes',
119 verbose headers   date: 'Mon, 06 Jun 2016 21:03:05 GMT',
119 verbose headers   via: '1.1 varnish',
119 verbose headers   age: '235',
119 verbose headers   connection: 'keep-alive',
119 verbose headers   'x-served-by': 'cache-atl6230-ATL',
119 verbose headers   'x-cache': 'HIT',
119 verbose headers   'x-cache-hits': '2',
119 verbose headers   'x-timer': 'S1465246985.419520,VS0,VE0',
119 verbose headers   vary: 'Accept-Encoding' }
120 silly get cb [ 200,
120 silly get   { server: 'CouchDB/1.5.0 (Erlang OTP/R16B03)',
120 silly get     etag: '"75VSNXKOX0S1WJ6UT4D3FEJ1H"',
120 silly get     'content-type': 'application/json',
120 silly get     'content-encoding': 'gzip',
120 silly get     'cache-control': 'max-age=300',
120 silly get     'content-length': '3995',
120 silly get     'accept-ranges': 'bytes',
120 silly get     date: 'Mon, 06 Jun 2016 21:03:05 GMT',
120 silly get     via: '1.1 varnish',
120 silly get     age: '235',
120 silly get     connection: 'keep-alive',
120 silly get     'x-served-by': 'cache-atl6230-ATL',
120 silly get     'x-cache': 'HIT',
120 silly get     'x-cache-hits': '2',
120 silly get     'x-timer': 'S1465246985.419520,VS0,VE0',
120 silly get     vary: 'Accept-Encoding' } ]
121 verbose get saving react-addons-update to /home/ubuntu/.npm/registry.npmjs.org/react-addons-update/.cache.json
122 verbose correctMkdir /home/ubuntu/.npm correctMkdir already in flight; waiting
123 silly addNameRange number 2 { name: 'react-addons-update',
123 silly addNameRange   range: '>=15.0.0 <16.0.0',
123 silly addNameRange   hasData: true }
124 silly addNameRange versions [ 'react-addons-update',
124 silly addNameRange   [ '0.14.0-beta1',
124 silly addNameRange     '0.14.0-beta2',
124 silly addNameRange     '0.14.0-beta3',
124 silly addNameRange     '0.14.0-rc1',
124 silly addNameRange     '0.14.0',
124 silly addNameRange     '0.14.1',
124 silly addNameRange     '0.14.2',
124 silly addNameRange     '0.14.3',
124 silly addNameRange     '0.14.4',
124 silly addNameRange     '0.14.5',
124 silly addNameRange     '0.14.6',
124 silly addNameRange     '0.15.0-alpha.1',
124 silly addNameRange     '0.14.7',
124 silly addNameRange     '15.0.0-rc.1',
124 silly addNameRange     '15.0.0-rc.2',
124 silly addNameRange     '0.14.8',
124 silly addNameRange     '15.0.0',
124 silly addNameRange     '15.0.1',
124 silly addNameRange     '15.0.2-alpha.1',
124 silly addNameRange     '15.0.2-alpha.2',
124 silly addNameRange     '15.0.2-alpha.3',
124 silly addNameRange     '15.0.2-alpha.4',
124 silly addNameRange     '15.0.2',
124 silly addNameRange     '15.0.3-alpha.1',
124 silly addNameRange     '15.0.3-alpha.2',
124 silly addNameRange     '15.1.0-alpha.1',
124 silly addNameRange     '15.1.0' ] ]
125 silly addNamed react-addons-update@15.1.0
126 verbose addNamed "15.1.0" is a plain semver version for react-addons-update
127 silly addNameRange number 2 { name: 'react-addons-css-transition-group',
127 silly addNameRange   range: '>=15.0.0 <16.0.0',
127 silly addNameRange   hasData: true }
128 silly addNameRange versions [ 'react-addons-css-transition-group',
128 silly addNameRange   [ '0.14.0-beta1',
128 silly addNameRange     '0.14.0-beta2',
128 silly addNameRange     '0.14.0-beta3',
128 silly addNameRange     '0.14.0-rc1',
128 silly addNameRange     '0.14.0',
128 silly addNameRange     '0.14.1',
128 silly addNameRange     '0.14.2',
128 silly addNameRange     '0.14.3',
128 silly addNameRange     '0.14.4',
128 silly addNameRange     '0.14.5',
128 silly addNameRange     '0.14.6',
128 silly addNameRange     '0.15.0-alpha.1',
128 silly addNameRange     '0.14.7',
128 silly addNameRange     '15.0.0-rc.1',
128 silly addNameRange     '15.0.0-rc.2',
128 silly addNameRange     '0.14.8',
128 silly addNameRange     '15.0.0',
128 silly addNameRange     '15.0.1',
128 silly addNameRange     '15.0.2-alpha.1',
128 silly addNameRange     '15.0.2-alpha.2',
128 silly addNameRange     '15.0.2-alpha.3',
128 silly addNameRange     '15.0.2-alpha.4',
128 silly addNameRange     '15.0.2',
128 silly addNameRange     '15.0.3-alpha.1',
128 silly addNameRange     '15.0.3-alpha.2',
128 silly addNameRange     '15.1.0-alpha.1',
128 silly addNameRange     '15.1.0' ] ]
129 silly addNamed react-addons-css-transition-group@15.1.0
130 verbose addNamed "15.1.0" is a plain semver version for react-addons-css-transition-group
131 silly addNameRange number 2 { name: 'react-addons-perf',
131 silly addNameRange   range: '>=15.0.0 <16.0.0',
131 silly addNameRange   hasData: true }
132 silly addNameRange versions [ 'react-addons-perf',
132 silly addNameRange   [ '0.14.0-beta2',
132 silly addNameRange     '0.14.0-beta3',
132 silly addNameRange     '0.14.0-rc1',
132 silly addNameRange     '0.14.0',
132 silly addNameRange     '0.14.1',
132 silly addNameRange     '0.14.2',
132 silly addNameRange     '0.14.3',
132 silly addNameRange     '0.14.4',
132 silly addNameRange     '0.14.5',
132 silly addNameRange     '0.14.6',
132 silly addNameRange     '0.15.0-alpha.1',
132 silly addNameRange     '0.14.7',
132 silly addNameRange     '15.0.0-rc.1',
132 silly addNameRange     '15.0.0-rc.2',
132 silly addNameRange     '0.14.8',
132 silly addNameRange     '15.0.0',
132 silly addNameRange     '15.0.1',
132 silly addNameRange     '15.0.2-alpha.1',
132 silly addNameRange     '15.0.2-alpha.2',
132 silly addNameRange     '15.0.2-alpha.3',
132 silly addNameRange     '15.0.2-alpha.4',
132 silly addNameRange     '15.0.2',
132 silly addNameRange     '15.0.3-alpha.1',
132 silly addNameRange     '15.0.3-alpha.2',
132 silly addNameRange     '15.1.0-alpha.1',
132 silly addNameRange     '15.1.0' ] ]
133 silly addNamed react-addons-perf@15.1.0
134 verbose addNamed "15.1.0" is a plain semver version for react-addons-perf
135 silly addNameRange number 2 { name: 'react-addons-create-fragment',
135 silly addNameRange   range: '>=15.0.0 <16.0.0',
135 silly addNameRange   hasData: true }
136 silly addNameRange versions [ 'react-addons-create-fragment',
136 silly addNameRange   [ '0.14.0-beta1',
136 silly addNameRange     '0.14.0-beta2',
136 silly addNameRange     '0.14.0-beta3',
136 silly addNameRange     '0.14.0-rc1',
136 silly addNameRange     '0.14.0',
136 silly addNameRange     '0.14.1',
136 silly addNameRange     '0.14.2',
136 silly addNameRange     '0.14.3',
136 silly addNameRange     '0.14.4',
136 silly addNameRange     '0.14.5',
136 silly addNameRange     '0.14.6',
136 silly addNameRange     '0.15.0-alpha.1',
136 silly addNameRange     '0.14.7',
136 silly addNameRange     '15.0.0-rc.1',
136 silly addNameRange     '15.0.0-rc.2',
136 silly addNameRange     '0.14.8',
136 silly addNameRange     '15.0.0',
136 silly addNameRange     '15.0.1',
136 silly addNameRange     '15.0.2-alpha.1',
136 silly addNameRange     '15.0.2-alpha.2',
136 silly addNameRange     '15.0.2-alpha.3',
136 silly addNameRange     '15.0.2-alpha.4',
136 silly addNameRange     '15.0.2',
136 silly addNameRange     '15.0.3-alpha.1',
136 silly addNameRange     '15.0.3-alpha.2',
136 silly addNameRange     '15.1.0-alpha.1',
136 silly addNameRange     '15.1.0' ] ]
137 silly addNamed react-addons-create-fragment@15.1.0
138 verbose addNamed "15.1.0" is a plain semver version for react-addons-create-fragment
139 silly mapToRegistry name react-addons-update
140 silly mapToRegistry using default registry
141 silly mapToRegistry registry https://registry.npmjs.org/
142 silly mapToRegistry data Result {
142 silly mapToRegistry   raw: 'react-addons-update',
142 silly mapToRegistry   scope: null,
142 silly mapToRegistry   name: 'react-addons-update',
142 silly mapToRegistry   rawSpec: '',
142 silly mapToRegistry   spec: 'latest',
142 silly mapToRegistry   type: 'tag' }
143 silly mapToRegistry uri https://registry.npmjs.org/react-addons-update
144 verbose addRemoteTarball https://registry.npmjs.org/react-addons-update/-/react-addons-update-15.1.0.tgz not in flight; adding
145 verbose addRemoteTarball [ 'https://registry.npmjs.org/react-addons-update/-/react-addons-update-15.1.0.tgz',
145 verbose addRemoteTarball   '86d7361e9b2cbb71cd64f19cd63e85c0b615e99a' ]
146 silly mapToRegistry name react-addons-css-transition-group
147 silly mapToRegistry using default registry
148 silly mapToRegistry registry https://registry.npmjs.org/
149 silly mapToRegistry data Result {
149 silly mapToRegistry   raw: 'react-addons-css-transition-group',
149 silly mapToRegistry   scope: null,
149 silly mapToRegistry   name: 'react-addons-css-transition-group',
149 silly mapToRegistry   rawSpec: '',
149 silly mapToRegistry   spec: 'latest',
149 silly mapToRegistry   type: 'tag' }
150 silly mapToRegistry uri https://registry.npmjs.org/react-addons-css-transition-group
151 verbose addRemoteTarball https://registry.npmjs.org/react-addons-css-transition-group/-/react-addons-css-transition-group-15.1.0.tgz not in flight; adding
152 verbose addRemoteTarball [ 'https://registry.npmjs.org/react-addons-css-transition-group/-/react-addons-css-transition-group-15.1.0.tgz',
152 verbose addRemoteTarball   '057024a699386a47a1ff7e48b2138a0ad0291f14' ]
153 silly mapToRegistry name react-addons-perf
154 silly mapToRegistry using default registry
155 silly mapToRegistry registry https://registry.npmjs.org/
156 silly mapToRegistry data Result {
156 silly mapToRegistry   raw: 'react-addons-perf',
156 silly mapToRegistry   scope: null,
156 silly mapToRegistry   name: 'react-addons-perf',
156 silly mapToRegistry   rawSpec: '',
156 silly mapToRegistry   spec: 'latest',
156 silly mapToRegistry   type: 'tag' }
157 silly mapToRegistry uri https://registry.npmjs.org/react-addons-perf
158 verbose addRemoteTarball https://registry.npmjs.org/react-addons-perf/-/react-addons-perf-15.1.0.tgz not in flight; adding
159 verbose addRemoteTarball [ 'https://registry.npmjs.org/react-addons-perf/-/react-addons-perf-15.1.0.tgz',
159 verbose addRemoteTarball   'd8ca4a96cf001d96f186c24f841a3cc1cc488f15' ]
160 silly mapToRegistry name react-addons-create-fragment
161 silly mapToRegistry using default registry
162 silly mapToRegistry registry https://registry.npmjs.org/
163 silly mapToRegistry data Result {
163 silly mapToRegistry   raw: 'react-addons-create-fragment',
163 silly mapToRegistry   scope: null,
163 silly mapToRegistry   name: 'react-addons-create-fragment',
163 silly mapToRegistry   rawSpec: '',
163 silly mapToRegistry   spec: 'latest',
163 silly mapToRegistry   type: 'tag' }
164 silly mapToRegistry uri https://registry.npmjs.org/react-addons-create-fragment
165 verbose addRemoteTarball https://registry.npmjs.org/react-addons-create-fragment/-/react-addons-create-fragment-15.1.0.tgz not in flight; adding
166 verbose addRemoteTarball [ 'https://registry.npmjs.org/react-addons-create-fragment/-/react-addons-create-fragment-15.1.0.tgz',
166 verbose addRemoteTarball   '3c2636ea92dda79994ef078a2f6e9dc7ed6a9eaa' ]
167 info retry fetch attempt 1 at 9:03:05 PM
168 info attempt registry request try #1 at 9:03:05 PM
169 http fetch GET https://registry.npmjs.org/react-addons-update/-/react-addons-update-15.1.0.tgz
170 info retry fetch attempt 1 at 9:03:05 PM
171 info attempt registry request try #1 at 9:03:05 PM
172 http fetch GET https://registry.npmjs.org/react-addons-create-fragment/-/react-addons-create-fragment-15.1.0.tgz
173 info retry fetch attempt 1 at 9:03:05 PM
174 info attempt registry request try #1 at 9:03:05 PM
175 http fetch GET https://registry.npmjs.org/react-addons-css-transition-group/-/react-addons-css-transition-group-15.1.0.tgz
176 info retry fetch attempt 1 at 9:03:05 PM
177 info attempt registry request try #1 at 9:03:05 PM
178 http fetch GET https://registry.npmjs.org/react-addons-perf/-/react-addons-perf-15.1.0.tgz
179 http 200 https://registry.npmjs.org/react-addons-linked-state-mixin
180 verbose headers { server: 'CouchDB/1.5.0 (Erlang OTP/R16B03)',
180 verbose headers   etag: '"83T7GNVQPMFOH1MIHX2I8C08Q"',
180 verbose headers   'content-type': 'application/json',
180 verbose headers   'content-encoding': 'gzip',
180 verbose headers   'cache-control': 'max-age=300',
180 verbose headers   'content-length': '4131',
180 verbose headers   'accept-ranges': 'bytes',
180 verbose headers   date: 'Mon, 06 Jun 2016 21:03:05 GMT',
180 verbose headers   via: '1.1 varnish',
180 verbose headers   age: '0',
180 verbose headers   connection: 'keep-alive',
180 verbose headers   'x-served-by': 'cache-atl6225-ATL',
180 verbose headers   'x-cache': 'MISS',
180 verbose headers   'x-cache-hits': '0',
180 verbose headers   'x-timer': 'S1465246985.417217,VS0,VE92',
180 verbose headers   vary: 'Accept-Encoding' }
181 silly get cb [ 200,
181 silly get   { server: 'CouchDB/1.5.0 (Erlang OTP/R16B03)',
181 silly get     etag: '"83T7GNVQPMFOH1MIHX2I8C08Q"',
181 silly get     'content-type': 'application/json',
181 silly get     'content-encoding': 'gzip',
181 silly get     'cache-control': 'max-age=300',
181 silly get     'content-length': '4131',
181 silly get     'accept-ranges': 'bytes',
181 silly get     date: 'Mon, 06 Jun 2016 21:03:05 GMT',
181 silly get     via: '1.1 varnish',
181 silly get     age: '0',
181 silly get     connection: 'keep-alive',
181 silly get     'x-served-by': 'cache-atl6225-ATL',
181 silly get     'x-cache': 'MISS',
181 silly get     'x-cache-hits': '0',
181 silly get     'x-timer': 'S1465246985.417217,VS0,VE92',
181 silly get     vary: 'Accept-Encoding' } ]
182 verbose get saving react-addons-linked-state-mixin to /home/ubuntu/.npm/registry.npmjs.org/react-addons-linked-state-mixin/.cache.json
183 verbose correctMkdir /home/ubuntu/.npm correctMkdir not in flight; initializing
184 silly addNameRange number 2 { name: 'react-addons-linked-state-mixin',
184 silly addNameRange   range: '>=15.0.0 <16.0.0',
184 silly addNameRange   hasData: true }
185 silly addNameRange versions [ 'react-addons-linked-state-mixin',
185 silly addNameRange   [ '0.14.0-beta1',
185 silly addNameRange     '0.14.0-beta2',
185 silly addNameRange     '0.14.0-beta3',
185 silly addNameRange     '0.14.0-rc1',
185 silly addNameRange     '0.14.0',
185 silly addNameRange     '0.14.1',
185 silly addNameRange     '0.14.2',
185 silly addNameRange     '0.14.3',
185 silly addNameRange     '0.14.4',
185 silly addNameRange     '0.14.5',
185 silly addNameRange     '0.14.6',
185 silly addNameRange     '0.15.0-alpha.1',
185 silly addNameRange     '0.14.7',
185 silly addNameRange     '15.0.0-rc.1',
185 silly addNameRange     '15.0.0-rc.2',
185 silly addNameRange     '0.14.8',
185 silly addNameRange     '15.0.0',
185 silly addNameRange     '15.0.1',
185 silly addNameRange     '15.0.2-alpha.1',
185 silly addNameRange     '15.0.2-alpha.2',
185 silly addNameRange     '15.0.2-alpha.3',
185 silly addNameRange     '15.0.2-alpha.4',
185 silly addNameRange     '15.0.2',
185 silly addNameRange     '15.0.3-alpha.1',
185 silly addNameRange     '15.0.3-alpha.2',
185 silly addNameRange     '15.1.0-alpha.1',
185 silly addNameRange     '15.1.0' ] ]
186 silly addNamed react-addons-linked-state-mixin@15.1.0
187 verbose addNamed "15.1.0" is a plain semver version for react-addons-linked-state-mixin
188 silly mapToRegistry name react-addons-linked-state-mixin
189 silly mapToRegistry using default registry
190 silly mapToRegistry registry https://registry.npmjs.org/
191 silly mapToRegistry data Result {
191 silly mapToRegistry   raw: 'react-addons-linked-state-mixin',
191 silly mapToRegistry   scope: null,
191 silly mapToRegistry   name: 'react-addons-linked-state-mixin',
191 silly mapToRegistry   rawSpec: '',
191 silly mapToRegistry   spec: 'latest',
191 silly mapToRegistry   type: 'tag' }
192 silly mapToRegistry uri https://registry.npmjs.org/react-addons-linked-state-mixin
193 verbose addRemoteTarball https://registry.npmjs.org/react-addons-linked-state-mixin/-/react-addons-linked-state-mixin-15.1.0.tgz not in flight; adding
194 verbose addRemoteTarball [ 'https://registry.npmjs.org/react-addons-linked-state-mixin/-/react-addons-linked-state-mixin-15.1.0.tgz',
194 verbose addRemoteTarball   '81a91760c17b48019b2d3d65f88860adfb4d204f' ]
195 info retry fetch attempt 1 at 9:03:05 PM
196 info attempt registry request try #1 at 9:03:05 PM
197 http fetch GET https://registry.npmjs.org/react-addons-linked-state-mixin/-/react-addons-linked-state-mixin-15.1.0.tgz
198 http fetch 200 https://registry.npmjs.org/react-addons-update/-/react-addons-update-15.1.0.tgz
199 http fetch 200 https://registry.npmjs.org/react-addons-create-fragment/-/react-addons-create-fragment-15.1.0.tgz
200 http fetch 200 https://registry.npmjs.org/react-addons-css-transition-group/-/react-addons-css-transition-group-15.1.0.tgz
201 http fetch 200 https://registry.npmjs.org/react-addons-perf/-/react-addons-perf-15.1.0.tgz
202 silly fetchAndShaCheck shasum 86d7361e9b2cbb71cd64f19cd63e85c0b615e99a
203 silly fetchAndShaCheck shasum 3c2636ea92dda79994ef078a2f6e9dc7ed6a9eaa
204 silly fetchAndShaCheck shasum d8ca4a96cf001d96f186c24f841a3cc1cc488f15
205 silly fetchAndShaCheck shasum 057024a699386a47a1ff7e48b2138a0ad0291f14
206 verbose addTmpTarball /tmp/npm-6695-3e2becb2/registry.npmjs.org/react-addons-update/-/react-addons-update-15.1.0.tgz not in flight; adding
207 verbose addTmpTarball already have metadata; skipping unpack for react-addons-update@15.1.0
208 verbose correctMkdir /home/ubuntu/.npm correctMkdir not in flight; initializing
209 verbose addTmpTarball /tmp/npm-6695-3e2becb2/registry.npmjs.org/react-addons-create-fragment/-/react-addons-create-fragment-15.1.0.tgz not in flight; adding
210 verbose addTmpTarball already have metadata; skipping unpack for react-addons-create-fragment@15.1.0
211 verbose correctMkdir /home/ubuntu/.npm correctMkdir not in flight; initializing
212 verbose addTmpTarball /tmp/npm-6695-3e2becb2/registry.npmjs.org/react-addons-perf/-/react-addons-perf-15.1.0.tgz not in flight; adding
213 verbose addTmpTarball already have metadata; skipping unpack for react-addons-perf@15.1.0
214 verbose correctMkdir /home/ubuntu/.npm correctMkdir not in flight; initializing
215 verbose addTmpTarball /tmp/npm-6695-3e2becb2/registry.npmjs.org/react-addons-css-transition-group/-/react-addons-css-transition-group-15.1.0.tgz not in flight; adding
216 verbose addTmpTarball already have metadata; skipping unpack for react-addons-css-transition-group@15.1.0
217 verbose correctMkdir /home/ubuntu/.npm correctMkdir not in flight; initializing
218 http fetch 200 https://registry.npmjs.org/react-addons-linked-state-mixin/-/react-addons-linked-state-mixin-15.1.0.tgz
219 silly fetchAndShaCheck shasum 81a91760c17b48019b2d3d65f88860adfb4d204f
220 silly cache afterAdd react-addons-create-fragment@15.1.0
221 verbose afterAdd /home/ubuntu/.npm/react-addons-create-fragment/15.1.0/package/package.json not in flight; writing
222 verbose correctMkdir /home/ubuntu/.npm correctMkdir not in flight; initializing
223 verbose addTmpTarball /tmp/npm-6695-3e2becb2/registry.npmjs.org/react-addons-linked-state-mixin/-/react-addons-linked-state-mixin-15.1.0.tgz not in flight; adding
224 verbose addTmpTarball already have metadata; skipping unpack for react-addons-linked-state-mixin@15.1.0
225 verbose correctMkdir /home/ubuntu/.npm correctMkdir not in flight; initializing
226 silly cache afterAdd react-addons-update@15.1.0
227 verbose afterAdd /home/ubuntu/.npm/react-addons-update/15.1.0/package/package.json not in flight; writing
228 verbose correctMkdir /home/ubuntu/.npm correctMkdir not in flight; initializing
229 silly cache afterAdd react-addons-css-transition-group@15.1.0
230 verbose afterAdd /home/ubuntu/.npm/react-addons-css-transition-group/15.1.0/package/package.json not in flight; writing
231 verbose correctMkdir /home/ubuntu/.npm correctMkdir not in flight; initializing
232 silly cache afterAdd react-addons-perf@15.1.0
233 verbose afterAdd /home/ubuntu/.npm/react-addons-perf/15.1.0/package/package.json not in flight; writing
234 verbose correctMkdir /home/ubuntu/.npm correctMkdir not in flight; initializing
235 verbose afterAdd /home/ubuntu/.npm/react-addons-create-fragment/15.1.0/package/package.json written
236 verbose afterAdd /home/ubuntu/.npm/react-addons-update/15.1.0/package/package.json written
237 verbose afterAdd /home/ubuntu/.npm/react-addons-css-transition-group/15.1.0/package/package.json written
238 verbose afterAdd /home/ubuntu/.npm/react-addons-perf/15.1.0/package/package.json written
239 silly cache afterAdd react-addons-linked-state-mixin@15.1.0
240 verbose afterAdd /home/ubuntu/.npm/react-addons-linked-state-mixin/15.1.0/package/package.json not in flight; writing
241 verbose correctMkdir /home/ubuntu/.npm correctMkdir not in flight; initializing
242 verbose afterAdd /home/ubuntu/.npm/react-addons-linked-state-mixin/15.1.0/package/package.json written
243 silly install resolved [ { name: 'react-addons-create-fragment',
243 silly install resolved     version: '15.1.0',
243 silly install resolved     main: 'index.js',
243 silly install resolved     repository:
243 silly install resolved      { type: 'git',
243 silly install resolved        url: 'git+https://github.com/facebook/react.git' },
243 silly install resolved     keywords: [ 'react', 'react-addon' ],
243 silly install resolved     license: 'BSD-3-Clause',
243 silly install resolved     dependencies: {},
243 silly install resolved     peerDependencies: { react: '^15.1.0' },
243 silly install resolved     description: 'This package provides the React createFragment add-on.',
243 silly install resolved     bugs: { url: 'https://github.com/facebook/react/issues' },
243 silly install resolved     homepage: 'https://github.com/facebook/react#readme',
243 silly install resolved     _id: 'react-addons-create-fragment@15.1.0',
243 silly install resolved     _shasum: '3c2636ea92dda79994ef078a2f6e9dc7ed6a9eaa',
243 silly install resolved     _resolved: 'https://registry.npmjs.org/react-addons-create-fragment/-/react-addons-create-fragment-15.1.0.tgz',
243 silly install resolved     _from: 'react-addons-create-fragment@>=15.0.0 <16.0.0',
243 silly install resolved     scripts: {},
243 silly install resolved     _npmVersion: '2.15.1',
243 silly install resolved     _nodeVersion: '4.4.3',
243 silly install resolved     _npmUser: { name: 'zpao', email: 'paul@oshannessy.com' },
243 silly install resolved     maintainers: [ [Object], [Object], [Object], [Object], [Object] ],
243 silly install resolved     dist:
243 silly install resolved      { shasum: '3c2636ea92dda79994ef078a2f6e9dc7ed6a9eaa',
243 silly install resolved        tarball: 'https://registry.npmjs.org/react-addons-create-fragment/-/react-addons-create-fragment-15.1.0.tgz' },
243 silly install resolved     _npmOperationalInternal:
243 silly install resolved      { host: 'packages-16-east.internal.npmjs.com',
243 silly install resolved        tmp: 'tmp/react-addons-create-fragment-15.1.0.tgz_1463785553431_0.46504624909721315' },
243 silly install resolved     directories: {} },
243 silly install resolved   { name: 'react-addons-update',
243 silly install resolved     version: '15.1.0',
243 silly install resolved     main: 'index.js',
243 silly install resolved     repository:
243 silly install resolved      { type: 'git',
243 silly install resolved        url: 'git+https://github.com/facebook/react.git' },
243 silly install resolved     keywords: [ 'react', 'react-addon' ],
243 silly install resolved     license: 'BSD-3-Clause',
243 silly install resolved     dependencies: {},
243 silly install resolved     peerDependencies: { react: '^15.1.0' },
243 silly install resolved     description: 'This package provides the React updates add-on.',
243 silly install resolved     bugs: { url: 'https://github.com/facebook/react/issues' },
243 silly install resolved     homepage: 'https://github.com/facebook/react#readme',
243 silly install resolved     _id: 'react-addons-update@15.1.0',
243 silly install resolved     _shasum: '86d7361e9b2cbb71cd64f19cd63e85c0b615e99a',
243 silly install resolved     _resolved: 'https://registry.npmjs.org/react-addons-update/-/react-addons-update-15.1.0.tgz',
243 silly install resolved     _from: 'react-addons-update@>=15.0.0 <16.0.0',
243 silly install resolved     scripts: {},
243 silly install resolved     _npmVersion: '2.15.1',
243 silly install resolved     _nodeVersion: '4.4.3',
243 silly install resolved     _npmUser: { name: 'zpao', email: 'paul@oshannessy.com' },
243 silly install resolved     maintainers: [ [Object], [Object], [Object], [Object], [Object] ],
243 silly install resolved     dist:
243 silly install resolved      { shasum: '86d7361e9b2cbb71cd64f19cd63e85c0b615e99a',
243 silly install resolved        tarball: 'https://registry.npmjs.org/react-addons-update/-/react-addons-update-15.1.0.tgz' },
243 silly install resolved     _npmOperationalInternal:
243 silly install resolved      { host: 'packages-16-east.internal.npmjs.com',
243 silly install resolved        tmp: 'tmp/react-addons-update-15.1.0.tgz_1463785575887_0.49359041661955416' },
243 silly install resolved     directories: {} },
243 silly install resolved   { name: 'react-addons-css-transition-group',
243 silly install resolved     version: '15.1.0',
243 silly install resolved     main: 'index.js',
243 silly install resolved     repository:
243 silly install resolved      { type: 'git',
243 silly install resolved        url: 'git+https://github.com/facebook/react.git' },
243 silly install resolved     keywords: [ 'react', 'react-addon' ],
243 silly install resolved     license: 'BSD-3-Clause',
243 silly install resolved     dependencies: {},
243 silly install resolved     peerDependencies: { react: '^15.1.0' },
243 silly install resolved     description: 'This package provides the React CSSTransitionGroup add-on.',
243 silly install resolved     bugs: { url: 'https://github.com/facebook/react/issues' },
243 silly install resolved     homepage: 'https://github.com/facebook/react#readme',
243 silly install resolved     _id: 'react-addons-css-transition-group@15.1.0',
243 silly install resolved     _shasum: '057024a699386a47a1ff7e48b2138a0ad0291f14',
243 silly install resolved     _resolved: 'https://registry.npmjs.org/react-addons-css-transition-group/-/react-addons-css-transition-group-15.1.0.tgz',
243 silly install resolved     _from: 'react-addons-css-transition-group@>=15.0.0 <16.0.0',
243 silly install resolved     scripts: {},
243 silly install resolved     _npmVersion: '2.15.1',
243 silly install resolved     _nodeVersion: '4.4.3',
243 silly install resolved     _npmUser: { name: 'zpao', email: 'paul@oshannessy.com' },
243 silly install resolved     maintainers: [ [Object], [Object], [Object], [Object], [Object] ],
243 silly install resolved     dist:
243 silly install resolved      { shasum: '057024a699386a47a1ff7e48b2138a0ad0291f14',
243 silly install resolved        tarball: 'https://registry.npmjs.org/react-addons-css-transition-group/-/react-addons-css-transition-group-15.1.0.tgz' },
243 silly install resolved     _npmOperationalInternal:
243 silly install resolved      { host: 'packages-12-west.internal.npmjs.com',
243 silly install resolved        tmp: 'tmp/react-addons-css-transition-group-15.1.0.tgz_1463785556731_0.7446609768085182' },
243 silly install resolved     directories: {} },
243 silly install resolved   { name: 'react-addons-perf',
243 silly install resolved     version: '15.1.0',
243 silly install resolved     main: 'index.js',
243 silly install resolved     repository:
243 silly install resolved      { type: 'git',
243 silly install resolved        url: 'git+https://github.com/facebook/react.git' },
243 silly install resolved     keywords: [ 'react', 'react-addon' ],
243 silly install resolved     license: 'BSD-3-Clause',
243 silly install resolved     dependencies: {},
243 silly install resolved     peerDependencies: { react: '^15.1.0' },
243 silly install resolved     description: 'This package provides the React Perf add-on.',
243 silly install resolved     bugs: { url: 'https://github.com/facebook/react/issues' },
243 silly install resolved     homepage: 'https://github.com/facebook/react#readme',
243 silly install resolved     _id: 'react-addons-perf@15.1.0',
243 silly install resolved     _shasum: 'd8ca4a96cf001d96f186c24f841a3cc1cc488f15',
243 silly install resolved     _resolved: 'https://registry.npmjs.org/react-addons-perf/-/react-addons-perf-15.1.0.tgz',
243 silly install resolved     _from: 'react-addons-perf@>=15.0.0 <16.0.0',
243 silly install resolved     scripts: {},
243 silly install resolved     _npmVersion: '2.15.1',
243 silly install resolved     _nodeVersion: '4.4.3',
243 silly install resolved     _npmUser: { name: 'zpao', email: 'paul@oshannessy.com' },
243 silly install resolved     maintainers: [ [Object], [Object], [Object], [Object], [Object] ],
243 silly install resolved     dist:
243 silly install resolved      { shasum: 'd8ca4a96cf001d96f186c24f841a3cc1cc488f15',
243 silly install resolved        tarball: 'https://registry.npmjs.org/react-addons-perf/-/react-addons-perf-15.1.0.tgz' },
243 silly install resolved     _npmOperationalInternal:
243 silly install resolved      { host: 'packages-16-east.internal.npmjs.com',
243 silly install resolved        tmp: 'tmp/react-addons-perf-15.1.0.tgz_1463785559985_0.14258314343169332' },
243 silly install resolved     directories: {} },
243 silly install resolved   { name: 'react-addons-linked-state-mixin',
243 silly install resolved     version: '15.1.0',
243 silly install resolved     main: 'index.js',
243 silly install resolved     repository:
243 silly install resolved      { type: 'git',
243 silly install resolved        url: 'git+https://github.com/facebook/react.git' },
243 silly install resolved     keywords: [ 'react', 'react-addon' ],
243 silly install resolved     license: 'BSD-3-Clause',
243 silly install resolved     dependencies: {},
243 silly install resolved     peerDependencies: { react: '^15.1.0' },
243 silly install resolved     description: 'This package provides the React LinkedStateMixin add-on.',
243 silly install resolved     bugs: { url: 'https://github.com/facebook/react/issues' },
243 silly install resolved     homepage: 'https://github.com/facebook/react#readme',
243 silly install resolved     _id: 'react-addons-linked-state-mixin@15.1.0',
243 silly install resolved     _shasum: '81a91760c17b48019b2d3d65f88860adfb4d204f',
243 silly install resolved     _resolved: 'https://registry.npmjs.org/react-addons-linked-state-mixin/-/react-addons-linked-state-mixin-15.1.0.tgz',
243 silly install resolved     _from: 'react-addons-linked-state-mixin@>=15.0.0 <16.0.0',
243 silly install resolved     scripts: {},
243 silly install resolved     _npmVersion: '2.15.1',
243 silly install resolved     _nodeVersion: '4.4.3',
243 silly install resolved     _npmUser: { name: 'zpao', email: 'paul@oshannessy.com' },
243 silly install resolved     maintainers: [ [Object], [Object], [Object], [Object], [Object] ],
243 silly install resolved     dist:
243 silly install resolved      { shasum: '81a91760c17b48019b2d3d65f88860adfb4d204f',
243 silly install resolved        tarball: 'https://registry.npmjs.org/react-addons-linked-state-mixin/-/react-addons-linked-state-mixin-15.1.0.tgz' },
243 silly install resolved     _npmOperationalInternal:
243 silly install resolved      { host: 'packages-12-west.internal.npmjs.com',
243 silly install resolved        tmp: 'tmp/react-addons-linked-state-mixin-15.1.0.tgz_1463785558381_0.11244954564608634' },
243 silly install resolved     directories: {} } ]
244 info install react-addons-create-fragment@15.1.0 into /home/ubuntu/workspace
245 info install react-addons-update@15.1.0 into /home/ubuntu/workspace
246 info install react-addons-css-transition-group@15.1.0 into /home/ubuntu/workspace
247 info install react-addons-perf@15.1.0 into /home/ubuntu/workspace
248 info install react-addons-linked-state-mixin@15.1.0 into /home/ubuntu/workspace
249 info installOne react-addons-create-fragment@15.1.0
250 verbose installOne of react-addons-create-fragment to /home/ubuntu/workspace not in flight; installing
251 verbose correctMkdir /home/ubuntu/.npm/_locks correctMkdir not in flight; initializing
252 info installOne react-addons-update@15.1.0
253 verbose installOne of react-addons-update to /home/ubuntu/workspace not in flight; installing
254 verbose correctMkdir /home/ubuntu/.npm/_locks correctMkdir already in flight; waiting
255 info installOne react-addons-css-transition-group@15.1.0
256 verbose installOne of react-addons-css-transition-group to /home/ubuntu/workspace not in flight; installing
257 verbose correctMkdir /home/ubuntu/.npm/_locks correctMkdir already in flight; waiting
258 info installOne react-addons-perf@15.1.0
259 verbose installOne of react-addons-perf to /home/ubuntu/workspace not in flight; installing
260 verbose correctMkdir /home/ubuntu/.npm/_locks correctMkdir already in flight; waiting
261 info installOne react-addons-linked-state-mixin@15.1.0
262 verbose installOne of react-addons-linked-state-mixin to /home/ubuntu/workspace not in flight; installing
263 verbose correctMkdir /home/ubuntu/.npm/_locks correctMkdir already in flight; waiting
264 verbose lock using /home/ubuntu/.npm/_locks/react-addons-create-frag-05a2251e76190c63.lock for /home/ubuntu/workspace/node_modules/react-addons-create-fragment
265 verbose lock using /home/ubuntu/.npm/_locks/react-addons-update-3861c9598bf9338b.lock for /home/ubuntu/workspace/node_modules/react-addons-update
266 verbose lock using /home/ubuntu/.npm/_locks/react-addons-css-transit-5e84e38eeb480224.lock for /home/ubuntu/workspace/node_modules/react-addons-css-transition-group
267 verbose lock using /home/ubuntu/.npm/_locks/react-addons-perf-8864d243766a6569.lock for /home/ubuntu/workspace/node_modules/react-addons-perf
268 silly install write writing react-addons-create-fragment 15.1.0 to /home/ubuntu/workspace/node_modules/react-addons-create-fragment
269 silly install write writing react-addons-update 15.1.0 to /home/ubuntu/workspace/node_modules/react-addons-update
270 silly install write writing react-addons-css-transition-group 15.1.0 to /home/ubuntu/workspace/node_modules/react-addons-css-transition-group
271 verbose lock using /home/ubuntu/.npm/_locks/react-addons-linked-stat-8bede175b3132889.lock for /home/ubuntu/workspace/node_modules/react-addons-linked-state-mixin
272 silly install write writing react-addons-perf 15.1.0 to /home/ubuntu/workspace/node_modules/react-addons-perf
273 silly install write writing react-addons-linked-state-mixin 15.1.0 to /home/ubuntu/workspace/node_modules/react-addons-linked-state-mixin
274 verbose unbuild node_modules/react-addons-create-fragment
275 verbose unbuild node_modules/react-addons-update
276 verbose unbuild node_modules/react-addons-css-transition-group
277 verbose unbuild node_modules/react-addons-perf
278 verbose unbuild node_modules/react-addons-linked-state-mixin
279 silly gentlyRm /home/ubuntu/workspace/node_modules/react-addons-create-fragment is being purged from base /home/ubuntu/workspace
280 verbose gentlyRm don't care about contents; nuking /home/ubuntu/workspace/node_modules/react-addons-create-fragment
281 silly gentlyRm /home/ubuntu/workspace/node_modules/react-addons-update is being purged from base /home/ubuntu/workspace
282 verbose gentlyRm don't care about contents; nuking /home/ubuntu/workspace/node_modules/react-addons-update
283 silly gentlyRm /home/ubuntu/workspace/node_modules/react-addons-css-transition-group is being purged from base /home/ubuntu/workspace
284 verbose gentlyRm don't care about contents; nuking /home/ubuntu/workspace/node_modules/react-addons-css-transition-group
285 verbose tar unpack /home/ubuntu/.npm/react-addons-create-fragment/15.1.0/package.tgz
286 verbose tar unpacking to /home/ubuntu/workspace/node_modules/react-addons-create-fragment
287 silly gentlyRm /home/ubuntu/workspace/node_modules/react-addons-create-fragment is being purged
288 verbose gentlyRm don't care about contents; nuking /home/ubuntu/workspace/node_modules/react-addons-create-fragment
289 verbose tar unpack /home/ubuntu/.npm/react-addons-update/15.1.0/package.tgz
290 verbose tar unpacking to /home/ubuntu/workspace/node_modules/react-addons-update
291 silly gentlyRm /home/ubuntu/workspace/node_modules/react-addons-update is being purged
292 verbose gentlyRm don't care about contents; nuking /home/ubuntu/workspace/node_modules/react-addons-update
293 verbose tar unpack /home/ubuntu/.npm/react-addons-css-transition-group/15.1.0/package.tgz
294 verbose tar unpacking to /home/ubuntu/workspace/node_modules/react-addons-css-transition-group
295 silly gentlyRm /home/ubuntu/workspace/node_modules/react-addons-css-transition-group is being purged
296 verbose gentlyRm don't care about contents; nuking /home/ubuntu/workspace/node_modules/react-addons-css-transition-group
297 silly gentlyRm /home/ubuntu/workspace/node_modules/react-addons-perf is being purged from base /home/ubuntu/workspace
298 verbose gentlyRm don't care about contents; nuking /home/ubuntu/workspace/node_modules/react-addons-perf
299 silly gentlyRm /home/ubuntu/workspace/node_modules/react-addons-linked-state-mixin is being purged from base /home/ubuntu/workspace
300 verbose gentlyRm don't care about contents; nuking /home/ubuntu/workspace/node_modules/react-addons-linked-state-mixin
301 silly gunzTarPerm modes [ '755', '644' ]
302 silly gunzTarPerm modes [ '755', '644' ]
303 silly gunzTarPerm modes [ '755', '644' ]
304 verbose tar unpack /home/ubuntu/.npm/react-addons-perf/15.1.0/package.tgz
305 verbose tar unpacking to /home/ubuntu/workspace/node_modules/react-addons-perf
306 silly gentlyRm /home/ubuntu/workspace/node_modules/react-addons-perf is being purged
307 verbose gentlyRm don't care about contents; nuking /home/ubuntu/workspace/node_modules/react-addons-perf
308 verbose tar unpack /home/ubuntu/.npm/react-addons-linked-state-mixin/15.1.0/package.tgz
309 verbose tar unpacking to /home/ubuntu/workspace/node_modules/react-addons-linked-state-mixin
310 silly gentlyRm /home/ubuntu/workspace/node_modules/react-addons-linked-state-mixin is being purged
311 verbose gentlyRm don't care about contents; nuking /home/ubuntu/workspace/node_modules/react-addons-linked-state-mixin
312 silly gunzTarPerm modes [ '755', '644' ]
313 silly gunzTarPerm modes [ '755', '644' ]
314 silly gunzTarPerm extractEntry package.json
315 silly gunzTarPerm extractEntry package.json
316 silly gunzTarPerm extractEntry package.json
317 silly gunzTarPerm extractEntry package.json
318 silly gunzTarPerm extractEntry package.json
319 silly gunzTarPerm extractEntry README.md
320 silly gunzTarPerm extractEntry LICENSE
321 silly gunzTarPerm extractEntry README.md
322 silly gunzTarPerm extractEntry LICENSE
323 silly gunzTarPerm extractEntry README.md
324 silly gunzTarPerm extractEntry LICENSE
325 silly gunzTarPerm extractEntry README.md
326 silly gunzTarPerm extractEntry LICENSE
327 silly gunzTarPerm extractEntry README.md
328 silly gunzTarPerm extractEntry LICENSE
329 silly gunzTarPerm extractEntry index.js
330 silly gunzTarPerm extractEntry PATENTS
331 silly gunzTarPerm extractEntry index.js
332 silly gunzTarPerm extractEntry PATENTS
333 silly gunzTarPerm extractEntry index.js
334 silly gunzTarPerm extractEntry PATENTS
335 silly gunzTarPerm extractEntry index.js
336 silly gunzTarPerm extractEntry PATENTS
337 silly gunzTarPerm extractEntry index.js
338 silly gunzTarPerm extractEntry PATENTS
339 verbose write writing to /home/ubuntu/workspace/node_modules/react-addons-perf/package.json
340 verbose write writing to /home/ubuntu/workspace/node_modules/react-addons-update/package.json
341 verbose write writing to /home/ubuntu/workspace/node_modules/react-addons-create-fragment/package.json
342 verbose write writing to /home/ubuntu/workspace/node_modules/react-addons-linked-state-mixin/package.json
343 verbose write writing to /home/ubuntu/workspace/node_modules/react-addons-css-transition-group/package.json
344 info preinstall react-addons-perf@15.1.0
345 info preinstall react-addons-update@15.1.0
346 info preinstall react-addons-create-fragment@15.1.0
347 info preinstall react-addons-linked-state-mixin@15.1.0
348 verbose readDependencies loading dependencies from /home/ubuntu/workspace/node_modules/react-addons-perf/package.json
349 verbose readDependencies loading dependencies from /home/ubuntu/workspace/node_modules/react-addons-update/package.json
350 info preinstall react-addons-css-transition-group@15.1.0
351 verbose readDependencies loading dependencies from /home/ubuntu/workspace/node_modules/react-addons-create-fragment/package.json
352 verbose readDependencies loading dependencies from /home/ubuntu/workspace/node_modules/react-addons-linked-state-mixin/package.json
353 verbose readDependencies loading dependencies from /home/ubuntu/workspace/node_modules/react-addons-css-transition-group/package.json
354 silly prepareForInstallMany adding react@^15.1.0 from react-addons-linked-state-mixin peerDependencies
355 warn peerDependencies The peer dependency react@^15.1.0 included from react-addons-linked-state-mixin will no
356 warn peerDependencies longer be automatically installed to fulfill the peerDependency
357 warn peerDependencies in npm 3+. Your application will need to depend on it explicitly.
358 verbose readDependencies loading dependencies from /home/ubuntu/workspace/node_modules/react-addons-linked-state-mixin/package.json
359 silly prepareForInstallMany adding react@^15.1.0 from react-addons-update peerDependencies
360 warn peerDependencies The peer dependency react@^15.1.0 included from react-addons-update will no
361 warn peerDependencies longer be automatically installed to fulfill the peerDependency
362 warn peerDependencies in npm 3+. Your application will need to depend on it explicitly.
363 verbose readDependencies loading dependencies from /home/ubuntu/workspace/node_modules/react-addons-update/package.json
364 silly prepareForInstallMany adding react@^15.1.0 from react-addons-create-fragment peerDependencies
365 warn peerDependencies The peer dependency react@^15.1.0 included from react-addons-create-fragment will no
366 warn peerDependencies longer be automatically installed to fulfill the peerDependency
367 warn peerDependencies in npm 3+. Your application will need to depend on it explicitly.
368 verbose readDependencies loading dependencies from /home/ubuntu/workspace/node_modules/react-addons-create-fragment/package.json
369 silly prepareForInstallMany adding react@^15.1.0 from react-addons-perf peerDependencies
370 warn peerDependencies The peer dependency react@^15.1.0 included from react-addons-perf will no
371 warn peerDependencies longer be automatically installed to fulfill the peerDependency
372 warn peerDependencies in npm 3+. Your application will need to depend on it explicitly.
373 verbose readDependencies loading dependencies from /home/ubuntu/workspace/node_modules/react-addons-perf/package.json
374 silly prepareForInstallMany adding react@^15.1.0 from react-addons-css-transition-group peerDependencies
375 warn peerDependencies The peer dependency react@^15.1.0 included from react-addons-css-transition-group will no
376 warn peerDependencies longer be automatically installed to fulfill the peerDependency
377 warn peerDependencies in npm 3+. Your application will need to depend on it explicitly.
378 verbose readDependencies loading dependencies from /home/ubuntu/workspace/node_modules/react-addons-css-transition-group/package.json
379 silly install resolved []
380 verbose about to build /home/ubuntu/workspace/node_modules/react-addons-linked-state-mixin
381 info build /home/ubuntu/workspace/node_modules/react-addons-linked-state-mixin
382 silly install resolved []
383 verbose about to build /home/ubuntu/workspace/node_modules/react-addons-update
384 info build /home/ubuntu/workspace/node_modules/react-addons-update
385 silly install resolved []
386 verbose about to build /home/ubuntu/workspace/node_modules/react-addons-create-fragment
387 info build /home/ubuntu/workspace/node_modules/react-addons-create-fragment
388 silly install resolved []
389 verbose about to build /home/ubuntu/workspace/node_modules/react-addons-perf
390 info build /home/ubuntu/workspace/node_modules/react-addons-perf
391 silly install resolved []
392 verbose about to build /home/ubuntu/workspace/node_modules/react-addons-css-transition-group
393 info build /home/ubuntu/workspace/node_modules/react-addons-css-transition-group
394 info linkStuff react-addons-linked-state-mixin@15.1.0
395 silly linkStuff react-addons-linked-state-mixin@15.1.0 has /home/ubuntu/workspace/node_modules as its parent node_modules
396 info linkStuff react-addons-create-fragment@15.1.0
397 silly linkStuff react-addons-create-fragment@15.1.0 has /home/ubuntu/workspace/node_modules as its parent node_modules
398 info linkStuff react-addons-update@15.1.0
399 silly linkStuff react-addons-update@15.1.0 has /home/ubuntu/workspace/node_modules as its parent node_modules
400 info linkStuff react-addons-perf@15.1.0
401 silly linkStuff react-addons-perf@15.1.0 has /home/ubuntu/workspace/node_modules as its parent node_modules
402 info linkStuff react-addons-css-transition-group@15.1.0
403 silly linkStuff react-addons-css-transition-group@15.1.0 has /home/ubuntu/workspace/node_modules as its parent node_modules
404 verbose linkBins react-addons-linked-state-mixin@15.1.0
405 verbose linkMans react-addons-linked-state-mixin@15.1.0
406 verbose rebuildBundles react-addons-linked-state-mixin@15.1.0
407 verbose linkBins react-addons-create-fragment@15.1.0
408 verbose linkMans react-addons-create-fragment@15.1.0
409 verbose rebuildBundles react-addons-create-fragment@15.1.0
410 verbose linkBins react-addons-update@15.1.0
411 verbose linkMans react-addons-update@15.1.0
412 verbose rebuildBundles react-addons-update@15.1.0
413 info install react-addons-linked-state-mixin@15.1.0
414 info install react-addons-create-fragment@15.1.0
415 verbose linkBins react-addons-perf@15.1.0
416 verbose linkMans react-addons-perf@15.1.0
417 verbose rebuildBundles react-addons-perf@15.1.0
418 info install react-addons-update@15.1.0
419 info install react-addons-perf@15.1.0
420 info postinstall react-addons-linked-state-mixin@15.1.0
421 info postinstall react-addons-create-fragment@15.1.0
422 verbose linkBins react-addons-css-transition-group@15.1.0
423 verbose linkMans react-addons-css-transition-group@15.1.0
424 verbose rebuildBundles react-addons-css-transition-group@15.1.0
425 info postinstall react-addons-update@15.1.0
426 info postinstall react-addons-perf@15.1.0
427 info install react-addons-css-transition-group@15.1.0
428 verbose readDependencies loading dependencies from /home/ubuntu/workspace/package.json
429 verbose readDependencies loading dependencies from /home/ubuntu/workspace/package.json
430 verbose readDependencies loading dependencies from /home/ubuntu/workspace/package.json
431 verbose readDependencies loading dependencies from /home/ubuntu/workspace/package.json
432 info postinstall react-addons-css-transition-group@15.1.0
433 verbose readDependencies loading dependencies from /home/ubuntu/workspace/package.json
434 verbose targetResolver reading package data from /home/ubuntu/workspace/node_modules/babel/package.json
435 verbose targetResolver reading package data from /home/ubuntu/workspace/node_modules/babel-preset-airbnb/package.json
436 verbose targetResolver reading package data from /home/ubuntu/workspace/node_modules/babel-register/package.json
437 verbose targetResolver reading package data from /home/ubuntu/workspace/node_modules/chai/package.json
438 verbose targetResolver reading package data from /home/ubuntu/workspace/node_modules/enzyme/package.json
439 verbose targetResolver reading package data from /home/ubuntu/workspace/node_modules/jsdom/package.json
440 verbose targetResolver reading package data from /home/ubuntu/workspace/node_modules/meteor-node-stubs/package.json
441 verbose targetResolver reading package data from /home/ubuntu/workspace/node_modules/mocha/package.json
442 verbose targetResolver reading package data from /home/ubuntu/workspace/node_modules/react/package.json
443 verbose targetResolver reading package data from /home/ubuntu/workspace/node_modules/react-addons-create-fragment/package.json
444 verbose targetResolver reading package data from /home/ubuntu/workspace/node_modules/react-addons-css-transition-group/package.json
445 verbose targetResolver reading package data from /home/ubuntu/workspace/node_modules/react-addons-linked-state-mixin/package.json
446 verbose targetResolver reading package data from /home/ubuntu/workspace/node_modules/react-addons-perf/package.json
447 verbose targetResolver reading package data from /home/ubuntu/workspace/node_modules/react-addons-pure-render-mixin/package.json
448 verbose targetResolver reading package data from /home/ubuntu/workspace/node_modules/react-addons-test-utils/package.json
449 verbose targetResolver reading package data from /home/ubuntu/workspace/node_modules/react-addons-transition-group/package.json
450 verbose targetResolver reading package data from /home/ubuntu/workspace/node_modules/react-addons-update/package.json
451 verbose targetResolver reading package data from /home/ubuntu/workspace/node_modules/react-dom/package.json
452 verbose targetResolver reading package data from /home/ubuntu/workspace/node_modules/react-router/package.json
453 verbose targetResolver reading package data from /home/ubuntu/workspace/node_modules/babel/package.json
454 verbose targetResolver reading package data from /home/ubuntu/workspace/node_modules/babel-preset-airbnb/package.json
455 verbose targetResolver reading package data from /home/ubuntu/workspace/node_modules/babel-register/package.json
456 verbose targetResolver reading package data from /home/ubuntu/workspace/node_modules/chai/package.json
457 verbose targetResolver reading package data from /home/ubuntu/workspace/node_modules/enzyme/package.json
458 verbose targetResolver reading package data from /home/ubuntu/workspace/node_modules/jsdom/package.json
459 verbose targetResolver reading package data from /home/ubuntu/workspace/node_modules/meteor-node-stubs/package.json
460 verbose targetResolver reading package data from /home/ubuntu/workspace/node_modules/mocha/package.json
461 verbose targetResolver reading package data from /home/ubuntu/workspace/node_modules/react/package.json
462 verbose targetResolver reading package data from /home/ubuntu/workspace/node_modules/react-addons-create-fragment/package.json
463 verbose targetResolver reading package data from /home/ubuntu/workspace/node_modules/react-addons-css-transition-group/package.json
464 verbose targetResolver reading package data from /home/ubuntu/workspace/node_modules/react-addons-linked-state-mixin/package.json
465 verbose targetResolver reading package data from /home/ubuntu/workspace/node_modules/react-addons-perf/package.json
466 verbose targetResolver reading package data from /home/ubuntu/workspace/node_modules/react-addons-pure-render-mixin/package.json
467 verbose targetResolver reading package data from /home/ubuntu/workspace/node_modules/react-addons-test-utils/package.json
468 verbose targetResolver reading package data from /home/ubuntu/workspace/node_modules/react-addons-transition-group/package.json
469 verbose targetResolver reading package data from /home/ubuntu/workspace/node_modules/react-addons-update/package.json
470 verbose targetResolver reading package data from /home/ubuntu/workspace/node_modules/react-dom/package.json
471 verbose targetResolver reading package data from /home/ubuntu/workspace/node_modules/react-router/package.json
472 verbose targetResolver reading package data from /home/ubuntu/workspace/node_modules/.bin/babel/package.json
473 verbose targetResolver reading package data from /home/ubuntu/workspace/node_modules/.bin/babel-external-helpers/package.json
474 verbose targetResolver reading package data from /home/ubuntu/workspace/node_modules/.bin/babel-node/package.json
475 verbose targetResolver reading package data from /home/ubuntu/workspace/node_modules/.bin/mocha/package.json
476 verbose targetResolver reading package data from /home/ubuntu/workspace/node_modules/.bin/babel/package.json
477 verbose targetResolver reading package data from /home/ubuntu/workspace/node_modules/.bin/babel-external-helpers/package.json
478 verbose targetResolver reading package data from /home/ubuntu/workspace/node_modules/.bin/babel-node/package.json
479 verbose targetResolver reading package data from /home/ubuntu/workspace/node_modules/.bin/mocha/package.json
480 verbose targetResolver reading package data from /home/ubuntu/workspace/node_modules/babel/package.json
481 verbose targetResolver reading package data from /home/ubuntu/workspace/node_modules/babel-preset-airbnb/package.json
482 verbose targetResolver reading package data from /home/ubuntu/workspace/node_modules/babel-register/package.json
483 verbose targetResolver reading package data from /home/ubuntu/workspace/node_modules/chai/package.json
484 verbose targetResolver reading package data from /home/ubuntu/workspace/node_modules/enzyme/package.json
485 verbose targetResolver reading package data from /home/ubuntu/workspace/node_modules/jsdom/package.json
486 verbose targetResolver reading package data from /home/ubuntu/workspace/node_modules/meteor-node-stubs/package.json
487 verbose targetResolver reading package data from /home/ubuntu/workspace/node_modules/mocha/package.json
488 verbose targetResolver reading package data from /home/ubuntu/workspace/node_modules/react/package.json
489 verbose targetResolver reading package data from /home/ubuntu/workspace/node_modules/react-addons-create-fragment/package.json
490 verbose targetResolver reading package data from /home/ubuntu/workspace/node_modules/react-addons-css-transition-group/package.json
491 verbose targetResolver reading package data from /home/ubuntu/workspace/node_modules/react-addons-linked-state-mixin/package.json
492 verbose targetResolver reading package data from /home/ubuntu/workspace/node_modules/react-addons-perf/package.json
493 verbose targetResolver reading package data from /home/ubuntu/workspace/node_modules/react-addons-pure-render-mixin/package.json
494 verbose targetResolver reading package data from /home/ubuntu/workspace/node_modules/react-addons-test-utils/package.json
495 verbose targetResolver reading package data from /home/ubuntu/workspace/node_modules/react-addons-transition-group/package.json
496 verbose targetResolver reading package data from /home/ubuntu/workspace/node_modules/react-addons-update/package.json
497 verbose targetResolver reading package data from /home/ubuntu/workspace/node_modules/react-dom/package.json
498 verbose targetResolver reading package data from /home/ubuntu/workspace/node_modules/react-router/package.json
499 verbose targetResolver reading package data from /home/ubuntu/workspace/node_modules/babel/package.json
500 verbose targetResolver reading package data from /home/ubuntu/workspace/node_modules/babel-preset-airbnb/package.json
501 verbose targetResolver reading package data from /home/ubuntu/workspace/node_modules/babel-register/package.json
502 verbose targetResolver reading package data from /home/ubuntu/workspace/node_modules/chai/package.json
503 verbose targetResolver reading package data from /home/ubuntu/workspace/node_modules/enzyme/package.json
504 verbose targetResolver reading package data from /home/ubuntu/workspace/node_modules/jsdom/package.json
505 verbose targetResolver reading package data from /home/ubuntu/workspace/node_modules/meteor-node-stubs/package.json
506 verbose targetResolver reading package data from /home/ubuntu/workspace/node_modules/mocha/package.json
507 verbose targetResolver reading package data from /home/ubuntu/workspace/node_modules/react/package.json
508 verbose targetResolver reading package data from /home/ubuntu/workspace/node_modules/react-addons-create-fragment/package.json
509 verbose targetResolver reading package data from /home/ubuntu/workspace/node_modules/react-addons-css-transition-group/package.json
510 verbose targetResolver reading package data from /home/ubuntu/workspace/node_modules/react-addons-linked-state-mixin/package.json
511 verbose targetResolver reading package data from /home/ubuntu/workspace/node_modules/react-addons-perf/package.json
512 verbose targetResolver reading package data from /home/ubuntu/workspace/node_modules/react-addons-pure-render-mixin/package.json
513 verbose targetResolver reading package data from /home/ubuntu/workspace/node_modules/react-addons-test-utils/package.json
514 verbose targetResolver reading package data from /home/ubuntu/workspace/node_modules/react-addons-transition-group/package.json
515 verbose targetResolver reading package data from /home/ubuntu/workspace/node_modules/react-addons-update/package.json
516 verbose targetResolver reading package data from /home/ubuntu/workspace/node_modules/react-dom/package.json
517 verbose targetResolver reading package data from /home/ubuntu/workspace/node_modules/react-router/package.json
518 verbose targetResolver reading package data from /home/ubuntu/workspace/node_modules/.bin/babel/package.json
519 verbose targetResolver reading package data from /home/ubuntu/workspace/node_modules/.bin/babel-external-helpers/package.json
520 verbose targetResolver reading package data from /home/ubuntu/workspace/node_modules/.bin/babel-node/package.json
521 verbose targetResolver reading package data from /home/ubuntu/workspace/node_modules/.bin/mocha/package.json
522 verbose targetResolver reading package data from /home/ubuntu/workspace/node_modules/.bin/babel/package.json
523 verbose targetResolver reading package data from /home/ubuntu/workspace/node_modules/.bin/babel-external-helpers/package.json
524 verbose targetResolver reading package data from /home/ubuntu/workspace/node_modules/.bin/babel-node/package.json
525 verbose targetResolver reading package data from /home/ubuntu/workspace/node_modules/.bin/mocha/package.json
526 verbose targetResolver reading package data from /home/ubuntu/workspace/node_modules/babel/package.json
527 verbose targetResolver reading package data from /home/ubuntu/workspace/node_modules/babel-preset-airbnb/package.json
528 verbose targetResolver reading package data from /home/ubuntu/workspace/node_modules/babel-register/package.json
529 verbose targetResolver reading package data from /home/ubuntu/workspace/node_modules/chai/package.json
530 verbose targetResolver reading package data from /home/ubuntu/workspace/node_modules/enzyme/package.json
531 verbose targetResolver reading package data from /home/ubuntu/workspace/node_modules/jsdom/package.json
532 verbose targetResolver reading package data from /home/ubuntu/workspace/node_modules/meteor-node-stubs/package.json
533 verbose targetResolver reading package data from /home/ubuntu/workspace/node_modules/mocha/package.json
534 verbose targetResolver reading package data from /home/ubuntu/workspace/node_modules/react/package.json
535 verbose targetResolver reading package data from /home/ubuntu/workspace/node_modules/react-addons-create-fragment/package.json
536 verbose targetResolver reading package data from /home/ubuntu/workspace/node_modules/react-addons-css-transition-group/package.json
537 verbose targetResolver reading package data from /home/ubuntu/workspace/node_modules/react-addons-linked-state-mixin/package.json
538 verbose targetResolver reading package data from /home/ubuntu/workspace/node_modules/react-addons-perf/package.json
539 verbose targetResolver reading package data from /home/ubuntu/workspace/node_modules/react-addons-pure-render-mixin/package.json
540 verbose targetResolver reading package data from /home/ubuntu/workspace/node_modules/react-addons-test-utils/package.json
541 verbose targetResolver reading package data from /home/ubuntu/workspace/node_modules/react-addons-transition-group/package.json
542 verbose targetResolver reading package data from /home/ubuntu/workspace/node_modules/react-addons-update/package.json
543 verbose targetResolver reading package data from /home/ubuntu/workspace/node_modules/react-dom/package.json
544 verbose targetResolver reading package data from /home/ubuntu/workspace/node_modules/react-router/package.json
545 verbose targetResolver reading package data from /home/ubuntu/workspace/node_modules/.bin/babel/package.json
546 verbose targetResolver reading package data from /home/ubuntu/workspace/node_modules/.bin/babel-external-helpers/package.json
547 verbose targetResolver reading package data from /home/ubuntu/workspace/node_modules/.bin/babel-node/package.json
548 verbose targetResolver reading package data from /home/ubuntu/workspace/node_modules/.bin/mocha/package.json
549 verbose already installed skipping react@^15.1.0 /home/ubuntu/workspace
550 silly install resolved []
551 verbose already installed skipping react@^15.1.0 /home/ubuntu/workspace
552 silly install resolved []
553 verbose already installed skipping react@^15.1.0 /home/ubuntu/workspace
554 silly install resolved []
555 verbose already installed skipping react@^15.1.0 /home/ubuntu/workspace
556 silly install resolved []
557 verbose unlock done using /home/ubuntu/.npm/_locks/react-addons-linked-stat-8bede175b3132889.lock for /home/ubuntu/workspace/node_modules/react-addons-linked-state-mixin
558 verbose unlock done using /home/ubuntu/.npm/_locks/react-addons-create-frag-05a2251e76190c63.lock for /home/ubuntu/workspace/node_modules/react-addons-create-fragment
559 verbose unlock done using /home/ubuntu/.npm/_locks/react-addons-perf-8864d243766a6569.lock for /home/ubuntu/workspace/node_modules/react-addons-perf
560 verbose already installed skipping react@^15.1.0 /home/ubuntu/workspace
561 silly install resolved []
562 verbose unlock done using /home/ubuntu/.npm/_locks/react-addons-update-3861c9598bf9338b.lock for /home/ubuntu/workspace/node_modules/react-addons-update
563 verbose unlock done using /home/ubuntu/.npm/_locks/react-addons-css-transit-5e84e38eeb480224.lock for /home/ubuntu/workspace/node_modules/react-addons-css-transition-group
564 verbose validateInstall loading /home/ubuntu/workspace/package.json for validation
565 verbose stack Error: The package react@15.0.2 does not satisfy its siblings' peerDependencies requirements!
565 verbose stack     at /home/ubuntu/.nvm/versions/node/v4.4.3/lib/node_modules/npm/lib/install.js:125:32
565 verbose stack     at /home/ubuntu/.nvm/versions/node/v4.4.3/lib/node_modules/npm/lib/install.js:268:7
565 verbose stack     at /home/ubuntu/.nvm/versions/node/v4.4.3/lib/node_modules/npm/node_modules/read-installed/read-installed.js:142:5
565 verbose stack     at /home/ubuntu/.nvm/versions/node/v4.4.3/lib/node_modules/npm/node_modules/read-installed/read-installed.js:263:14
565 verbose stack     at cb (/home/ubuntu/.nvm/versions/node/v4.4.3/lib/node_modules/npm/node_modules/slide/lib/async-map.js:47:24)
565 verbose stack     at /home/ubuntu/.nvm/versions/node/v4.4.3/lib/node_modules/npm/node_modules/read-installed/read-installed.js:263:14
565 verbose stack     at cb (/home/ubuntu/.nvm/versions/node/v4.4.3/lib/node_modules/npm/node_modules/slide/lib/async-map.js:47:24)
565 verbose stack     at /home/ubuntu/.nvm/versions/node/v4.4.3/lib/node_modules/npm/node_modules/read-installed/read-installed.js:263:14
565 verbose stack     at cb (/home/ubuntu/.nvm/versions/node/v4.4.3/lib/node_modules/npm/node_modules/slide/lib/async-map.js:47:24)
565 verbose stack     at /home/ubuntu/.nvm/versions/node/v4.4.3/lib/node_modules/npm/node_modules/read-installed/read-installed.js:263:14
566 verbose cwd /home/ubuntu/workspace
567 error Linux 4.2.0-c9
568 error argv "/home/ubuntu/.nvm/versions/node/v4.4.3/bin/node" "/home/ubuntu/.nvm/versions/node/v4.4.3/bin/npm" "install" "--save" "react-addons-css-transition-group@15.x" "react-addons-linked-state-mixin@15.x" "react-addons-create-fragment@15.x" "react-addons-update@15.x" "react-addons-perf@15.x"
569 error node v4.4.3
570 error npm  v2.15.1
571 error code EPEERINVALID
572 error peerinvalid The package react@15.0.2 does not satisfy its siblings' peerDependencies requirements!
572 error peerinvalid Peer react-dom@15.0.2 wants react@^15.0.2
572 error peerinvalid Peer react-addons-create-fragment@15.1.0 wants react@^15.1.0
572 error peerinvalid Peer react-addons-css-transition-group@15.1.0 wants react@^15.1.0
572 error peerinvalid Peer react-addons-linked-state-mixin@15.1.0 wants react@^15.1.0
572 error peerinvalid Peer react-addons-perf@15.1.0 wants react@^15.1.0
572 error peerinvalid Peer react-addons-pure-render-mixin@15.1.0 wants react@^15.1.0
572 error peerinvalid Peer react-addons-test-utils@15.1.0 wants react@^15.1.0
572 error peerinvalid Peer react-addons-transition-group@15.1.0 wants react@^15.1.0
572 error peerinvalid Peer react-addons-update@15.1.0 wants react@^15.1.0
572 error peerinvalid Peer react-router@2.4.1 wants react@^0.14.0 || ^15.0.0
572 error peerinvalid Peer enzyme@2.3.0 wants react@0.13.x || 0.14.x || ^15.0.0-0
573 verbose exit [ 1, true ]
